2022-04-21 00:00:08,054 INFO PERFORMANCE:|4|0|-1|-1

2022-04-21 00:05:08,058 INFO PERFORMANCE:|4|0|-1|-1

2022-04-21 00:10:08,061 INFO PERFORMANCE:|4|0|-1|-1

2022-04-21 00:15:08,063 INFO PERFORMANCE:|4|0|-1|-1

2022-04-21 00:20:08,070 INFO PERFORMANCE:|4|0|-1|-1

2022-04-21 00:25:08,075 INFO PERFORMANCE:|4|0|-1|-1

2022-04-21 07:40:58,113 INFO PERFORMANCE:|4|0|-1|-1

2022-04-21 08:35:54,237 INFO PERFORMANCE:|4|0|-1|-1

2022-04-21 08:40:54,237 INFO PERFORMANCE:|4|0|-1|-1

2022-04-21 08:45:54,236 INFO PERFORMANCE:|4|0|-1|-1

2022-04-21 08:50:54,234 INFO PERFORMANCE:|4|0|-1|-1

2022-04-21 08:55:54,239 INFO PERFORMANCE:|4|0|-1|-1

2022-04-21 09:00:54,234 INFO PERFORMANCE:|4|0|-1|-1

2022-04-21 09:05:54,234 INFO PERFORMANCE:|4|0|-1|-1

2022-04-21 09:10:54,233 INFO PERFORMANCE:|4|0|-1|-1

2022-04-21 09:15:54,233 INFO PERFORMANCE:|4|0|-1|-1

2022-04-21 09:20:54,230 INFO PERFORMANCE:|4|0|-1|-1

2022-04-21 09:25:54,225 INFO PERFORMANCE:|4|0|-1|-1

2022-04-21 09:30:54,227 INFO PERFORMANCE:|4|0|-1|-1

2022-04-21 09:35:54,227 INFO PERFORMANCE:|4|0|-1|-1

2022-04-21 09:40:54,228 INFO PERFORMANCE:|4|0|-1|-1

2022-04-21 09:55:00,337 INFO PERFORMANCE:|4|0|-1|-1

2022-04-21 10:25:07,853 INFO PERFORMANCE:|4|0|-1|-1

2022-04-21 10:30:07,851 INFO PERFORMANCE:|4|0|-1|-1

2022-04-21 10:35:07,847 INFO PERFORMANCE:|4|0|-1|-1

2022-04-21 10:40:07,844 INFO PERFORMANCE:|4|0|-1|-1

