2022-04-21 00:02:24,687 INFO PERFORMANCE:|4|0|-1|-1

2022-04-21 00:07:24,694 INFO PERFORMANCE:|4|0|-1|-1

2022-04-21 00:12:24,698 INFO PERFORMANCE:|4|0|-1|-1

2022-04-21 00:17:24,706 INFO PERFORMANCE:|4|0|-1|-1

2022-04-21 00:22:24,711 INFO PERFORMANCE:|4|0|-1|-1

2022-04-21 01:14:56,076 INFO PERFORMANCE:|4|0|-1|-1

2022-04-21 08:33:10,869 INFO PERFORMANCE:|4|0|-1|-1

2022-04-21 08:38:10,865 INFO PERFORMANCE:|4|0|-1|-1

2022-04-21 08:43:10,865 INFO PERFORMANCE:|4|0|-1|-1

2022-04-21 08:48:10,861 INFO PERFORMANCE:|4|0|-1|-1

2022-04-21 08:53:10,863 INFO PERFORMANCE:|4|0|-1|-1

2022-04-21 08:58:10,863 INFO PERFORMANCE:|4|0|-1|-1

2022-04-21 09:03:10,862 INFO PERFORMANCE:|4|0|-1|-1

2022-04-21 09:08:10,861 INFO PERFORMANCE:|4|0|-1|-1

2022-04-21 09:13:10,862 INFO PERFORMANCE:|4|0|-1|-1

2022-04-21 09:18:10,858 INFO PERFORMANCE:|4|0|-1|-1

2022-04-21 09:23:10,854 INFO PERFORMANCE:|4|0|-1|-1

2022-04-21 09:28:10,852 INFO PERFORMANCE:|4|0|-1|-1

2022-04-21 09:33:10,852 INFO PERFORMANCE:|4|0|-1|-1

2022-04-21 09:38:10,854 INFO PERFORMANCE:|4|0|-1|-1

2022-04-21 09:43:10,851 INFO PERFORMANCE:|4|0|-1|-1

2022-04-21 10:22:24,484 INFO PERFORMANCE:|4|0|-1|-1

2022-04-21 10:27:24,474 INFO PERFORMANCE:|4|0|-1|-1

2022-04-21 10:32:24,473 INFO PERFORMANCE:|4|0|-1|-1

2022-04-21 10:37:24,471 INFO PERFORMANCE:|4|0|-1|-1

2022-04-21 10:42:24,470 INFO PERFORMANCE:|4|0|-1|-1

