2022-04-21 00:04:57,049 INFO PERFORMANCE:|4|0|-1|-1

2022-04-21 00:09:57,055 INFO PERFORMANCE:|4|0|-1|-1

2022-04-21 00:14:57,058 INFO PERFORMANCE:|4|0|-1|-1

2022-04-21 00:19:57,065 INFO PERFORMANCE:|4|0|-1|-1

2022-04-21 00:24:57,069 INFO PERFORMANCE:|4|0|-1|-1

2022-04-21 07:06:41,711 INFO PERFORMANCE:|4|0|-1|-1

2022-04-21 08:35:43,233 INFO PERFORMANCE:|4|0|-1|-1

2022-04-21 08:40:43,230 INFO PERFORMANCE:|4|0|-1|-1

2022-04-21 08:45:43,228 INFO PERFORMANCE:|4|0|-1|-1

2022-04-21 08:50:43,226 INFO PERFORMANCE:|4|0|-1|-1

2022-04-21 08:55:43,226 INFO PERFORMANCE:|4|0|-1|-1

2022-04-21 09:00:43,223 INFO PERFORMANCE:|4|0|-1|-1

2022-04-21 09:05:43,224 INFO PERFORMANCE:|4|0|-1|-1

2022-04-21 09:10:43,224 INFO PERFORMANCE:|4|0|-1|-1

2022-04-21 09:15:43,223 INFO PERFORMANCE:|4|0|-1|-1

2022-04-21 09:20:43,222 INFO PERFORMANCE:|4|0|-1|-1

2022-04-21 09:25:43,218 INFO PERFORMANCE:|4|0|-1|-1

2022-04-21 09:30:43,216 INFO PERFORMANCE:|4|0|-1|-1

2022-04-21 09:35:43,217 INFO PERFORMANCE:|4|0|-1|-1

2022-04-21 09:40:43,217 INFO PERFORMANCE:|4|0|-1|-1

2022-04-21 09:54:49,325 INFO PERFORMANCE:|4|0|-1|-1

2022-04-21 10:24:56,840 INFO PERFORMANCE:|4|0|-1|-1

2022-04-21 10:29:56,839 INFO PERFORMANCE:|4|0|-1|-1

2022-04-21 10:34:56,838 INFO PERFORMANCE:|4|0|-1|-1

2022-04-21 10:39:56,835 INFO PERFORMANCE:|4|0|-1|-1

